The target system is: Risc-V -  - 
The host system is: Linux - 4.19.76-linuxkit - x86_64
Compiling the C compiler identification source file "CMakeCCompilerId.c" succeeded.
Compiler: /riscv/bin/riscv64-unknown-elf-gcc 
Build flags: 
Id flags: 

The output was:
0


Compilation of the C compiler identification source "CMakeCCompilerId.c" produced "a.out"

The C compiler identification is GNU, found in "/code/sm2/CMakeFiles/3.5.1/CompilerIdC/a.out"

Compiling the CXX compiler identification source file "CMakeCXXCompilerId.cpp" succeeded.
Compiler: /riscv/bin/riscv64-unknown-elf-g++ 
Build flags: 
Id flags: 

The output was:
0


Compilation of the CXX compiler identification source "CMakeCXXCompilerId.cpp" produced "a.out"

The CXX compiler identification is GNU, found in "/code/sm2/CMakeFiles/3.5.1/CompilerIdCXX/a.out"

Determining if the C compiler works passed with the following output:
Change Dir: /code/sm2/CMakeFiles/CMakeTmp

Run Build Command:"/usr/bin/make" "cmTC_dd7af/fast"
/usr/bin/make -f CMakeFiles/cmTC_dd7af.dir/build.make CMakeFiles/cmTC_dd7af.dir/build
make[1]: Entering directory '/code/sm2/CMakeFiles/CMakeTmp'
Building C object CMakeFiles/cmTC_dd7af.dir/testCCompiler.c.obj
/riscv/bin/riscv64-unknown-elf-gcc     -o CMakeFiles/cmTC_dd7af.dir/testCCompiler.c.obj   -c /code/sm2/CMakeFiles/CMakeTmp/testCCompiler.c
Linking C executable cmTC_dd7af
/usr/bin/cmake -E cmake_link_script CMakeFiles/cmTC_dd7af.dir/link.txt --verbose=1
/riscv/bin/riscv64-unknown-elf-gcc       CMakeFiles/cmTC_dd7af.dir/testCCompiler.c.obj  -o cmTC_dd7af 
make[1]: Leaving directory '/code/sm2/CMakeFiles/CMakeTmp'


Detecting C compiler ABI info compiled with the following output:
Change Dir: /code/sm2/CMakeFiles/CMakeTmp

Run Build Command:"/usr/bin/make" "cmTC_7f41a/fast"
/usr/bin/make -f CMakeFiles/cmTC_7f41a.dir/build.make CMakeFiles/cmTC_7f41a.dir/build
make[1]: Entering directory '/code/sm2/CMakeFiles/CMakeTmp'
Building C object CMakeFiles/cmTC_7f41a.dir/CMakeCCompilerABI.c.obj
/riscv/bin/riscv64-unknown-elf-gcc     -o CMakeFiles/cmTC_7f41a.dir/CMakeCCompilerABI.c.obj   -c /usr/share/cmake-3.5/Modules/CMakeCCompilerABI.c
Linking C executable cmTC_7f41a
/usr/bin/cmake -E cmake_link_script CMakeFiles/cmTC_7f41a.dir/link.txt --verbose=1
/riscv/bin/riscv64-unknown-elf-gcc      -v CMakeFiles/cmTC_7f41a.dir/CMakeCCompilerABI.c.obj  -o cmTC_7f41a  
Using built-in specs.
COLLECT_GCC=/riscv/bin/riscv64-unknown-elf-gcc
COLLECT_LTO_WRAPPER=/riscv/libexec/gcc/riscv64-unknown-elf/9.2.0/lto-wrapper
Target: riscv64-unknown-elf
Configured with: /source/riscv-gcc/configure --target=riscv64-unknown-elf --prefix=/riscv --disable-shared --disable-threads --enable-languages=c,c++ --with-system-zlib --enable-tls --with-newlib --with-sysroot=/riscv/riscv64-unknown-elf --with-native-system-header-dir=/include --disable-libmudflap --disable-libssp --disable-libquadmath --disable-libgomp --disable-nls --disable-tm-clone-registry --src=.././riscv-gcc --disable-multilib --with-abi=lp64 --with-arch=rv64imac --with-tune=rocket 'CFLAGS_FOR_TARGET=-Os -Os -DCKB_NO_MMU -D__riscv_soft_float -D__riscv_float_abi_soft  -mcmodel=medlow' 'CXXFLAGS_FOR_TARGET=-Os   -mcmodel=medlow'
Thread model: single
gcc version 9.2.0 (GCC) 
COMPILER_PATH=/riscv/libexec/gcc/riscv64-unknown-elf/9.2.0/:/riscv/libexec/gcc/riscv64-unknown-elf/9.2.0/:/riscv/libexec/gcc/riscv64-unknown-elf/:/riscv/lib/gcc/riscv64-unknown-elf/9.2.0/:/riscv/lib/gcc/riscv64-unknown-elf/:/riscv/lib/gcc/riscv64-unknown-elf/9.2.0/../../../../riscv64-unknown-elf/bin/
LIBRARY_PATH=/riscv/lib/gcc/riscv64-unknown-elf/9.2.0/:/riscv/lib/gcc/riscv64-unknown-elf/9.2.0/../../../../riscv64-unknown-elf/lib/:/riscv/riscv64-unknown-elf/lib/
COLLECT_GCC_OPTIONS='-v' '-o' 'cmTC_7f41a' '-mtune=rocket' '-march=rv64imac' '-mabi=lp64'
 /riscv/libexec/gcc/riscv64-unknown-elf/9.2.0/collect2 -plugin /riscv/libexec/gcc/riscv64-unknown-elf/9.2.0/liblto_plugin.so -plugin-opt=/riscv/libexec/gcc/riscv64-unknown-elf/9.2.0/lto-wrapper -plugin-opt=-fresolution=/tmp/ccRNMlZ2.res -plugin-opt=-pass-through=-lgcc -plugin-opt=-pass-through=-lc -plugin-opt=-pass-through=-lgloss -plugin-opt=-pass-through=-lgcc --sysroot=/riscv/riscv64-unknown-elf -melf64lriscv -o cmTC_7f41a /riscv/lib/gcc/riscv64-unknown-elf/9.2.0/../../../../riscv64-unknown-elf/lib/crt0.o /riscv/lib/gcc/riscv64-unknown-elf/9.2.0/crtbegin.o -L/riscv/lib/gcc/riscv64-unknown-elf/9.2.0 -L/riscv/lib/gcc/riscv64-unknown-elf/9.2.0/../../../../riscv64-unknown-elf/lib -L/riscv/riscv64-unknown-elf/lib CMakeFiles/cmTC_7f41a.dir/CMakeCCompilerABI.c.obj -lgcc --start-group -lc -lgloss --end-group -lgcc /riscv/lib/gcc/riscv64-unknown-elf/9.2.0/crtend.o
COLLECT_GCC_OPTIONS='-v' '-o' 'cmTC_7f41a' '-mtune=rocket' '-march=rv64imac' '-mabi=lp64'
make[1]: Leaving directory '/code/sm2/CMakeFiles/CMakeTmp'


Parsed C implicit link information from above output:
  link line regex: [^( *|.*[/\])(riscv64-unknown-elf-ld|([^/\]+-)?ld|collect2)[^/\]*( |$)]
  ignore line: [Change Dir: /code/sm2/CMakeFiles/CMakeTmp]
  ignore line: []
  ignore line: [Run Build Command:"/usr/bin/make" "cmTC_7f41a/fast"]
  ignore line: [/usr/bin/make -f CMakeFiles/cmTC_7f41a.dir/build.make CMakeFiles/cmTC_7f41a.dir/build]
  ignore line: [make[1]: Entering directory '/code/sm2/CMakeFiles/CMakeTmp']
  ignore line: [Building C object CMakeFiles/cmTC_7f41a.dir/CMakeCCompilerABI.c.obj]
  ignore line: [/riscv/bin/riscv64-unknown-elf-gcc     -o CMakeFiles/cmTC_7f41a.dir/CMakeCCompilerABI.c.obj   -c /usr/share/cmake-3.5/Modules/CMakeCCompilerABI.c]
  ignore line: [Linking C executable cmTC_7f41a]
  ignore line: [/usr/bin/cmake -E cmake_link_script CMakeFiles/cmTC_7f41a.dir/link.txt --verbose=1]
  ignore line: [/riscv/bin/riscv64-unknown-elf-gcc      -v CMakeFiles/cmTC_7f41a.dir/CMakeCCompilerABI.c.obj  -o cmTC_7f41a  ]
  ignore line: [Using built-in specs.]
  ignore line: [COLLECT_GCC=/riscv/bin/riscv64-unknown-elf-gcc]
  ignore line: [COLLECT_LTO_WRAPPER=/riscv/libexec/gcc/riscv64-unknown-elf/9.2.0/lto-wrapper]
  ignore line: [Target: riscv64-unknown-elf]
  ignore line: [Configured with: /source/riscv-gcc/configure --target=riscv64-unknown-elf --prefix=/riscv --disable-shared --disable-threads --enable-languages=c,c++ --with-system-zlib --enable-tls --with-newlib --with-sysroot=/riscv/riscv64-unknown-elf --with-native-system-header-dir=/include --disable-libmudflap --disable-libssp --disable-libquadmath --disable-libgomp --disable-nls --disable-tm-clone-registry --src=.././riscv-gcc --disable-multilib --with-abi=lp64 --with-arch=rv64imac --with-tune=rocket 'CFLAGS_FOR_TARGET=-Os -Os -DCKB_NO_MMU -D__riscv_soft_float -D__riscv_float_abi_soft  -mcmodel=medlow' 'CXXFLAGS_FOR_TARGET=-Os   -mcmodel=medlow']
  ignore line: [Thread model: single]
  ignore line: [gcc version 9.2.0 (GCC) ]
  ignore line: [COMPILER_PATH=/riscv/libexec/gcc/riscv64-unknown-elf/9.2.0/:/riscv/libexec/gcc/riscv64-unknown-elf/9.2.0/:/riscv/libexec/gcc/riscv64-unknown-elf/:/riscv/lib/gcc/riscv64-unknown-elf/9.2.0/:/riscv/lib/gcc/riscv64-unknown-elf/:/riscv/lib/gcc/riscv64-unknown-elf/9.2.0/../../../../riscv64-unknown-elf/bin/]
  ignore line: [LIBRARY_PATH=/riscv/lib/gcc/riscv64-unknown-elf/9.2.0/:/riscv/lib/gcc/riscv64-unknown-elf/9.2.0/../../../../riscv64-unknown-elf/lib/:/riscv/riscv64-unknown-elf/lib/]
  ignore line: [COLLECT_GCC_OPTIONS='-v' '-o' 'cmTC_7f41a' '-mtune=rocket' '-march=rv64imac' '-mabi=lp64']
  link line: [ /riscv/libexec/gcc/riscv64-unknown-elf/9.2.0/collect2 -plugin /riscv/libexec/gcc/riscv64-unknown-elf/9.2.0/liblto_plugin.so -plugin-opt=/riscv/libexec/gcc/riscv64-unknown-elf/9.2.0/lto-wrapper -plugin-opt=-fresolution=/tmp/ccRNMlZ2.res -plugin-opt=-pass-through=-lgcc -plugin-opt=-pass-through=-lc -plugin-opt=-pass-through=-lgloss -plugin-opt=-pass-through=-lgcc --sysroot=/riscv/riscv64-unknown-elf -melf64lriscv -o cmTC_7f41a /riscv/lib/gcc/riscv64-unknown-elf/9.2.0/../../../../riscv64-unknown-elf/lib/crt0.o /riscv/lib/gcc/riscv64-unknown-elf/9.2.0/crtbegin.o -L/riscv/lib/gcc/riscv64-unknown-elf/9.2.0 -L/riscv/lib/gcc/riscv64-unknown-elf/9.2.0/../../../../riscv64-unknown-elf/lib -L/riscv/riscv64-unknown-elf/lib CMakeFiles/cmTC_7f41a.dir/CMakeCCompilerABI.c.obj -lgcc --start-group -lc -lgloss --end-group -lgcc /riscv/lib/gcc/riscv64-unknown-elf/9.2.0/crtend.o]
    arg [/riscv/libexec/gcc/riscv64-unknown-elf/9.2.0/collect2] ==> ignore
    arg [-plugin] ==> ignore
    arg [/riscv/libexec/gcc/riscv64-unknown-elf/9.2.0/liblto_plugin.so] ==> ignore
    arg [-plugin-opt=/riscv/libexec/gcc/riscv64-unknown-elf/9.2.0/lto-wrapper] ==> ignore
    arg [-plugin-opt=-fresolution=/tmp/ccRNMlZ2.res] ==> ignore
    arg [-plugin-opt=-pass-through=-lgcc] ==> ignore
    arg [-plugin-opt=-pass-through=-lc] ==> ignore
    arg [-plugin-opt=-pass-through=-lgloss] ==> ignore
    arg [-plugin-opt=-pass-through=-lgcc] ==> ignore
    arg [--sysroot=/riscv/riscv64-unknown-elf] ==> ignore
    arg [-melf64lriscv] ==> ignore
    arg [-o] ==> ignore
    arg [cmTC_7f41a] ==> ignore
    arg [/riscv/lib/gcc/riscv64-unknown-elf/9.2.0/../../../../riscv64-unknown-elf/lib/crt0.o] ==> ignore
    arg [/riscv/lib/gcc/riscv64-unknown-elf/9.2.0/crtbegin.o] ==> ignore
    arg [-L/riscv/lib/gcc/riscv64-unknown-elf/9.2.0] ==> dir [/riscv/lib/gcc/riscv64-unknown-elf/9.2.0]
    arg [-L/riscv/lib/gcc/riscv64-unknown-elf/9.2.0/../../../../riscv64-unknown-elf/lib] ==> dir [/riscv/lib/gcc/riscv64-unknown-elf/9.2.0/../../../../riscv64-unknown-elf/lib]
    arg [-L/riscv/riscv64-unknown-elf/lib] ==> dir [/riscv/riscv64-unknown-elf/lib]
    arg [CMakeFiles/cmTC_7f41a.dir/CMakeCCompilerABI.c.obj] ==> ignore
    arg [-lgcc] ==> lib [gcc]
    arg [--start-group] ==> ignore
    arg [-lc] ==> lib [c]
    arg [-lgloss] ==> lib [gloss]
    arg [--end-group] ==> ignore
    arg [-lgcc] ==> lib [gcc]
    arg [/riscv/lib/gcc/riscv64-unknown-elf/9.2.0/crtend.o] ==> ignore
  remove lib [gcc]
  remove lib [gcc]
  collapse library dir [/riscv/lib/gcc/riscv64-unknown-elf/9.2.0] ==> [/riscv/lib/gcc/riscv64-unknown-elf/9.2.0]
  collapse library dir [/riscv/lib/gcc/riscv64-unknown-elf/9.2.0/../../../../riscv64-unknown-elf/lib] ==> [/riscv/riscv64-unknown-elf/lib]
  collapse library dir [/riscv/riscv64-unknown-elf/lib] ==> [/riscv/riscv64-unknown-elf/lib]
  implicit libs: [c;gloss]
  implicit dirs: [/riscv/lib/gcc/riscv64-unknown-elf/9.2.0;/riscv/riscv64-unknown-elf/lib]
  implicit fwks: []




Detecting C [-std=c11] compiler features compiled with the following output:
Change Dir: /code/sm2/CMakeFiles/CMakeTmp

Run Build Command:"/usr/bin/make" "cmTC_45759/fast"
/usr/bin/make -f CMakeFiles/cmTC_45759.dir/build.make CMakeFiles/cmTC_45759.dir/build
make[1]: Entering directory '/code/sm2/CMakeFiles/CMakeTmp'
Building C object CMakeFiles/cmTC_45759.dir/feature_tests.c.obj
/riscv/bin/riscv64-unknown-elf-gcc    -std=c11 -o CMakeFiles/cmTC_45759.dir/feature_tests.c.obj   -c /code/sm2/CMakeFiles/feature_tests.c
Linking C executable cmTC_45759
/usr/bin/cmake -E cmake_link_script CMakeFiles/cmTC_45759.dir/link.txt --verbose=1
/riscv/bin/riscv64-unknown-elf-gcc       CMakeFiles/cmTC_45759.dir/feature_tests.c.obj  -o cmTC_45759 
make[1]: Leaving directory '/code/sm2/CMakeFiles/CMakeTmp'


    Feature record: C_FEATURE:1c_function_prototypes
    Feature record: C_FEATURE:1c_restrict
    Feature record: C_FEATURE:1c_static_assert
    Feature record: C_FEATURE:1c_variadic_macros


Detecting C [-std=c99] compiler features compiled with the following output:
Change Dir: /code/sm2/CMakeFiles/CMakeTmp

Run Build Command:"/usr/bin/make" "cmTC_3ae19/fast"
/usr/bin/make -f CMakeFiles/cmTC_3ae19.dir/build.make CMakeFiles/cmTC_3ae19.dir/build
make[1]: Entering directory '/code/sm2/CMakeFiles/CMakeTmp'
Building C object CMakeFiles/cmTC_3ae19.dir/feature_tests.c.obj
/riscv/bin/riscv64-unknown-elf-gcc    -std=c99 -o CMakeFiles/cmTC_3ae19.dir/feature_tests.c.obj   -c /code/sm2/CMakeFiles/feature_tests.c
Linking C executable cmTC_3ae19
/usr/bin/cmake -E cmake_link_script CMakeFiles/cmTC_3ae19.dir/link.txt --verbose=1
/riscv/bin/riscv64-unknown-elf-gcc       CMakeFiles/cmTC_3ae19.dir/feature_tests.c.obj  -o cmTC_3ae19 
make[1]: Leaving directory '/code/sm2/CMakeFiles/CMakeTmp'


    Feature record: C_FEATURE:1c_function_prototypes
    Feature record: C_FEATURE:1c_restrict
    Feature record: C_FEATURE:0c_static_assert
    Feature record: C_FEATURE:1c_variadic_macros


Detecting C [-std=c90] compiler features compiled with the following output:
Change Dir: /code/sm2/CMakeFiles/CMakeTmp

Run Build Command:"/usr/bin/make" "cmTC_09c49/fast"
/usr/bin/make -f CMakeFiles/cmTC_09c49.dir/build.make CMakeFiles/cmTC_09c49.dir/build
make[1]: Entering directory '/code/sm2/CMakeFiles/CMakeTmp'
Building C object CMakeFiles/cmTC_09c49.dir/feature_tests.c.obj
/riscv/bin/riscv64-unknown-elf-gcc    -std=c90 -o CMakeFiles/cmTC_09c49.dir/feature_tests.c.obj   -c /code/sm2/CMakeFiles/feature_tests.c
Linking C executable cmTC_09c49
/usr/bin/cmake -E cmake_link_script CMakeFiles/cmTC_09c49.dir/link.txt --verbose=1
/riscv/bin/riscv64-unknown-elf-gcc       CMakeFiles/cmTC_09c49.dir/feature_tests.c.obj  -o cmTC_09c49 
make[1]: Leaving directory '/code/sm2/CMakeFiles/CMakeTmp'


    Feature record: C_FEATURE:1c_function_prototypes
    Feature record: C_FEATURE:0c_restrict
    Feature record: C_FEATURE:0c_static_assert
    Feature record: C_FEATURE:0c_variadic_macros
Determining if the CXX compiler works passed with the following output:
Change Dir: /code/sm2/CMakeFiles/CMakeTmp

Run Build Command:"/usr/bin/make" "cmTC_4a3de/fast"
/usr/bin/make -f CMakeFiles/cmTC_4a3de.dir/build.make CMakeFiles/cmTC_4a3de.dir/build
make[1]: Entering directory '/code/sm2/CMakeFiles/CMakeTmp'
Building CXX object CMakeFiles/cmTC_4a3de.dir/testCXXCompiler.cxx.obj
/riscv/bin/riscv64-unknown-elf-g++      -o CMakeFiles/cmTC_4a3de.dir/testCXXCompiler.cxx.obj -c /code/sm2/CMakeFiles/CMakeTmp/testCXXCompiler.cxx
Linking CXX executable cmTC_4a3de
/usr/bin/cmake -E cmake_link_script CMakeFiles/cmTC_4a3de.dir/link.txt --verbose=1
/riscv/bin/riscv64-unknown-elf-g++        CMakeFiles/cmTC_4a3de.dir/testCXXCompiler.cxx.obj  -o cmTC_4a3de 
make[1]: Leaving directory '/code/sm2/CMakeFiles/CMakeTmp'


Detecting CXX compiler ABI info compiled with the following output:
Change Dir: /code/sm2/CMakeFiles/CMakeTmp

Run Build Command:"/usr/bin/make" "cmTC_2e952/fast"
/usr/bin/make -f CMakeFiles/cmTC_2e952.dir/build.make CMakeFiles/cmTC_2e952.dir/build
make[1]: Entering directory '/code/sm2/CMakeFiles/CMakeTmp'
Building CXX object CMakeFiles/cmTC_2e952.dir/CMakeCXXCompilerABI.cpp.obj
/riscv/bin/riscv64-unknown-elf-g++      -o CMakeFiles/cmTC_2e952.dir/CMakeCXXCompilerABI.cpp.obj -c /usr/share/cmake-3.5/Modules/CMakeCXXCompilerABI.cpp
Linking CXX executable cmTC_2e952
/usr/bin/cmake -E cmake_link_script CMakeFiles/cmTC_2e952.dir/link.txt --verbose=1
/riscv/bin/riscv64-unknown-elf-g++       -v CMakeFiles/cmTC_2e952.dir/CMakeCXXCompilerABI.cpp.obj  -o cmTC_2e952  
Using built-in specs.
COLLECT_GCC=/riscv/bin/riscv64-unknown-elf-g++
COLLECT_LTO_WRAPPER=/riscv/libexec/gcc/riscv64-unknown-elf/9.2.0/lto-wrapper
Target: riscv64-unknown-elf
Configured with: /source/riscv-gcc/configure --target=riscv64-unknown-elf --prefix=/riscv --disable-shared --disable-threads --enable-languages=c,c++ --with-system-zlib --enable-tls --with-newlib --with-sysroot=/riscv/riscv64-unknown-elf --with-native-system-header-dir=/include --disable-libmudflap --disable-libssp --disable-libquadmath --disable-libgomp --disable-nls --disable-tm-clone-registry --src=.././riscv-gcc --disable-multilib --with-abi=lp64 --with-arch=rv64imac --with-tune=rocket 'CFLAGS_FOR_TARGET=-Os -Os -DCKB_NO_MMU -D__riscv_soft_float -D__riscv_float_abi_soft  -mcmodel=medlow' 'CXXFLAGS_FOR_TARGET=-Os   -mcmodel=medlow'
Thread model: single
gcc version 9.2.0 (GCC) 
COMPILER_PATH=/riscv/libexec/gcc/riscv64-unknown-elf/9.2.0/:/riscv/libexec/gcc/riscv64-unknown-elf/9.2.0/:/riscv/libexec/gcc/riscv64-unknown-elf/:/riscv/lib/gcc/riscv64-unknown-elf/9.2.0/:/riscv/lib/gcc/riscv64-unknown-elf/:/riscv/lib/gcc/riscv64-unknown-elf/9.2.0/../../../../riscv64-unknown-elf/bin/
LIBRARY_PATH=/riscv/lib/gcc/riscv64-unknown-elf/9.2.0/:/riscv/lib/gcc/riscv64-unknown-elf/9.2.0/../../../../riscv64-unknown-elf/lib/:/riscv/riscv64-unknown-elf/lib/
COLLECT_GCC_OPTIONS='-v' '-o' 'cmTC_2e952' '-mtune=rocket' '-march=rv64imac' '-mabi=lp64'
 /riscv/libexec/gcc/riscv64-unknown-elf/9.2.0/collect2 -plugin /riscv/libexec/gcc/riscv64-unknown-elf/9.2.0/liblto_plugin.so -plugin-opt=/riscv/libexec/gcc/riscv64-unknown-elf/9.2.0/lto-wrapper -plugin-opt=-fresolution=/tmp/ccRRL30q.res -plugin-opt=-pass-through=-lgcc -plugin-opt=-pass-through=-lc -plugin-opt=-pass-through=-lgloss -plugin-opt=-pass-through=-lgcc --sysroot=/riscv/riscv64-unknown-elf -melf64lriscv -o cmTC_2e952 /riscv/lib/gcc/riscv64-unknown-elf/9.2.0/../../../../riscv64-unknown-elf/lib/crt0.o /riscv/lib/gcc/riscv64-unknown-elf/9.2.0/crtbegin.o -L/riscv/lib/gcc/riscv64-unknown-elf/9.2.0 -L/riscv/lib/gcc/riscv64-unknown-elf/9.2.0/../../../../riscv64-unknown-elf/lib -L/riscv/riscv64-unknown-elf/lib CMakeFiles/cmTC_2e952.dir/CMakeCXXCompilerABI.cpp.obj -lstdc++ -lm -lgcc --start-group -lc -lgloss --end-group -lgcc /riscv/lib/gcc/riscv64-unknown-elf/9.2.0/crtend.o
COLLECT_GCC_OPTIONS='-v' '-o' 'cmTC_2e952' '-mtune=rocket' '-march=rv64imac' '-mabi=lp64'
make[1]: Leaving directory '/code/sm2/CMakeFiles/CMakeTmp'


Parsed CXX implicit link information from above output:
  link line regex: [^( *|.*[/\])(riscv64-unknown-elf-ld|([^/\]+-)?ld|collect2)[^/\]*( |$)]
  ignore line: [Change Dir: /code/sm2/CMakeFiles/CMakeTmp]
  ignore line: []
  ignore line: [Run Build Command:"/usr/bin/make" "cmTC_2e952/fast"]
  ignore line: [/usr/bin/make -f CMakeFiles/cmTC_2e952.dir/build.make CMakeFiles/cmTC_2e952.dir/build]
  ignore line: [make[1]: Entering directory '/code/sm2/CMakeFiles/CMakeTmp']
  ignore line: [Building CXX object CMakeFiles/cmTC_2e952.dir/CMakeCXXCompilerABI.cpp.obj]
  ignore line: [/riscv/bin/riscv64-unknown-elf-g++      -o CMakeFiles/cmTC_2e952.dir/CMakeCXXCompilerABI.cpp.obj -c /usr/share/cmake-3.5/Modules/CMakeCXXCompilerABI.cpp]
  ignore line: [Linking CXX executable cmTC_2e952]
  ignore line: [/usr/bin/cmake -E cmake_link_script CMakeFiles/cmTC_2e952.dir/link.txt --verbose=1]
  ignore line: [/riscv/bin/riscv64-unknown-elf-g++       -v CMakeFiles/cmTC_2e952.dir/CMakeCXXCompilerABI.cpp.obj  -o cmTC_2e952  ]
  ignore line: [Using built-in specs.]
  ignore line: [COLLECT_GCC=/riscv/bin/riscv64-unknown-elf-g++]
  ignore line: [COLLECT_LTO_WRAPPER=/riscv/libexec/gcc/riscv64-unknown-elf/9.2.0/lto-wrapper]
  ignore line: [Target: riscv64-unknown-elf]
  ignore line: [Configured with: /source/riscv-gcc/configure --target=riscv64-unknown-elf --prefix=/riscv --disable-shared --disable-threads --enable-languages=c,c++ --with-system-zlib --enable-tls --with-newlib --with-sysroot=/riscv/riscv64-unknown-elf --with-native-system-header-dir=/include --disable-libmudflap --disable-libssp --disable-libquadmath --disable-libgomp --disable-nls --disable-tm-clone-registry --src=.././riscv-gcc --disable-multilib --with-abi=lp64 --with-arch=rv64imac --with-tune=rocket 'CFLAGS_FOR_TARGET=-Os -Os -DCKB_NO_MMU -D__riscv_soft_float -D__riscv_float_abi_soft  -mcmodel=medlow' 'CXXFLAGS_FOR_TARGET=-Os   -mcmodel=medlow']
  ignore line: [Thread model: single]
  ignore line: [gcc version 9.2.0 (GCC) ]
  ignore line: [COMPILER_PATH=/riscv/libexec/gcc/riscv64-unknown-elf/9.2.0/:/riscv/libexec/gcc/riscv64-unknown-elf/9.2.0/:/riscv/libexec/gcc/riscv64-unknown-elf/:/riscv/lib/gcc/riscv64-unknown-elf/9.2.0/:/riscv/lib/gcc/riscv64-unknown-elf/:/riscv/lib/gcc/riscv64-unknown-elf/9.2.0/../../../../riscv64-unknown-elf/bin/]
  ignore line: [LIBRARY_PATH=/riscv/lib/gcc/riscv64-unknown-elf/9.2.0/:/riscv/lib/gcc/riscv64-unknown-elf/9.2.0/../../../../riscv64-unknown-elf/lib/:/riscv/riscv64-unknown-elf/lib/]
  ignore line: [COLLECT_GCC_OPTIONS='-v' '-o' 'cmTC_2e952' '-mtune=rocket' '-march=rv64imac' '-mabi=lp64']
  link line: [ /riscv/libexec/gcc/riscv64-unknown-elf/9.2.0/collect2 -plugin /riscv/libexec/gcc/riscv64-unknown-elf/9.2.0/liblto_plugin.so -plugin-opt=/riscv/libexec/gcc/riscv64-unknown-elf/9.2.0/lto-wrapper -plugin-opt=-fresolution=/tmp/ccRRL30q.res -plugin-opt=-pass-through=-lgcc -plugin-opt=-pass-through=-lc -plugin-opt=-pass-through=-lgloss -plugin-opt=-pass-through=-lgcc --sysroot=/riscv/riscv64-unknown-elf -melf64lriscv -o cmTC_2e952 /riscv/lib/gcc/riscv64-unknown-elf/9.2.0/../../../../riscv64-unknown-elf/lib/crt0.o /riscv/lib/gcc/riscv64-unknown-elf/9.2.0/crtbegin.o -L/riscv/lib/gcc/riscv64-unknown-elf/9.2.0 -L/riscv/lib/gcc/riscv64-unknown-elf/9.2.0/../../../../riscv64-unknown-elf/lib -L/riscv/riscv64-unknown-elf/lib CMakeFiles/cmTC_2e952.dir/CMakeCXXCompilerABI.cpp.obj -lstdc++ -lm -lgcc --start-group -lc -lgloss --end-group -lgcc /riscv/lib/gcc/riscv64-unknown-elf/9.2.0/crtend.o]
    arg [/riscv/libexec/gcc/riscv64-unknown-elf/9.2.0/collect2] ==> ignore
    arg [-plugin] ==> ignore
    arg [/riscv/libexec/gcc/riscv64-unknown-elf/9.2.0/liblto_plugin.so] ==> ignore
    arg [-plugin-opt=/riscv/libexec/gcc/riscv64-unknown-elf/9.2.0/lto-wrapper] ==> ignore
    arg [-plugin-opt=-fresolution=/tmp/ccRRL30q.res] ==> ignore
    arg [-plugin-opt=-pass-through=-lgcc] ==> ignore
    arg [-plugin-opt=-pass-through=-lc] ==> ignore
    arg [-plugin-opt=-pass-through=-lgloss] ==> ignore
    arg [-plugin-opt=-pass-through=-lgcc] ==> ignore
    arg [--sysroot=/riscv/riscv64-unknown-elf] ==> ignore
    arg [-melf64lriscv] ==> ignore
    arg [-o] ==> ignore
    arg [cmTC_2e952] ==> ignore
    arg [/riscv/lib/gcc/riscv64-unknown-elf/9.2.0/../../../../riscv64-unknown-elf/lib/crt0.o] ==> ignore
    arg [/riscv/lib/gcc/riscv64-unknown-elf/9.2.0/crtbegin.o] ==> ignore
    arg [-L/riscv/lib/gcc/riscv64-unknown-elf/9.2.0] ==> dir [/riscv/lib/gcc/riscv64-unknown-elf/9.2.0]
    arg [-L/riscv/lib/gcc/riscv64-unknown-elf/9.2.0/../../../../riscv64-unknown-elf/lib] ==> dir [/riscv/lib/gcc/riscv64-unknown-elf/9.2.0/../../../../riscv64-unknown-elf/lib]
    arg [-L/riscv/riscv64-unknown-elf/lib] ==> dir [/riscv/riscv64-unknown-elf/lib]
    arg [CMakeFiles/cmTC_2e952.dir/CMakeCXXCompilerABI.cpp.obj] ==> ignore
    arg [-lstdc++] ==> lib [stdc++]
    arg [-lm] ==> lib [m]
    arg [-lgcc] ==> lib [gcc]
    arg [--start-group] ==> ignore
    arg [-lc] ==> lib [c]
    arg [-lgloss] ==> lib [gloss]
    arg [--end-group] ==> ignore
    arg [-lgcc] ==> lib [gcc]
    arg [/riscv/lib/gcc/riscv64-unknown-elf/9.2.0/crtend.o] ==> ignore
  remove lib [gcc]
  remove lib [gcc]
  collapse library dir [/riscv/lib/gcc/riscv64-unknown-elf/9.2.0] ==> [/riscv/lib/gcc/riscv64-unknown-elf/9.2.0]
  collapse library dir [/riscv/lib/gcc/riscv64-unknown-elf/9.2.0/../../../../riscv64-unknown-elf/lib] ==> [/riscv/riscv64-unknown-elf/lib]
  collapse library dir [/riscv/riscv64-unknown-elf/lib] ==> [/riscv/riscv64-unknown-elf/lib]
  implicit libs: [stdc++;m;c;gloss]
  implicit dirs: [/riscv/lib/gcc/riscv64-unknown-elf/9.2.0;/riscv/riscv64-unknown-elf/lib]
  implicit fwks: []




Detecting CXX [-std=c++14] compiler features compiled with the following output:
Change Dir: /code/sm2/CMakeFiles/CMakeTmp

Run Build Command:"/usr/bin/make" "cmTC_152ec/fast"
/usr/bin/make -f CMakeFiles/cmTC_152ec.dir/build.make CMakeFiles/cmTC_152ec.dir/build
make[1]: Entering directory '/code/sm2/CMakeFiles/CMakeTmp'
Building CXX object CMakeFiles/cmTC_152ec.dir/feature_tests.cxx.obj
/riscv/bin/riscv64-unknown-elf-g++     -std=c++14 -o CMakeFiles/cmTC_152ec.dir/feature_tests.cxx.obj -c /code/sm2/CMakeFiles/feature_tests.cxx
Linking CXX executable cmTC_152ec
/usr/bin/cmake -E cmake_link_script CMakeFiles/cmTC_152ec.dir/link.txt --verbose=1
/riscv/bin/riscv64-unknown-elf-g++        CMakeFiles/cmTC_152ec.dir/feature_tests.cxx.obj  -o cmTC_152ec 
make[1]: Leaving directory '/code/sm2/CMakeFiles/CMakeTmp'


    Feature record: CXX_FEATURE:1cxx_aggregate_default_initializers
    Feature record: CXX_FEATURE:1cxx_alias_templates
    Feature record: CXX_FEATURE:1cxx_alignas
    Feature record: CXX_FEATURE:1cxx_alignof
    Feature record: CXX_FEATURE:1cxx_attributes
    Feature record: CXX_FEATURE:1cxx_attribute_deprecated
    Feature record: CXX_FEATURE:1cxx_auto_type
    Feature record: CXX_FEATURE:1cxx_binary_literals
    Feature record: CXX_FEATURE:1cxx_constexpr
    Feature record: CXX_FEATURE:1cxx_contextual_conversions
    Feature record: CXX_FEATURE:1cxx_decltype
    Feature record: CXX_FEATURE:1cxx_decltype_auto
    Feature record: CXX_FEATURE:1cxx_decltype_incomplete_return_types
    Feature record: CXX_FEATURE:1cxx_default_function_template_args
    Feature record: CXX_FEATURE:1cxx_defaulted_functions
    Feature record: CXX_FEATURE:1cxx_defaulted_move_initializers
    Feature record: CXX_FEATURE:1cxx_delegating_constructors
    Feature record: CXX_FEATURE:1cxx_deleted_functions
    Feature record: CXX_FEATURE:1cxx_digit_separators
    Feature record: CXX_FEATURE:1cxx_enum_forward_declarations
    Feature record: CXX_FEATURE:1cxx_explicit_conversions
    Feature record: CXX_FEATURE:1cxx_extended_friend_declarations
    Feature record: CXX_FEATURE:1cxx_extern_templates
    Feature record: CXX_FEATURE:1cxx_final
    Feature record: CXX_FEATURE:1cxx_func_identifier
    Feature record: CXX_FEATURE:1cxx_generalized_initializers
    Feature record: CXX_FEATURE:1cxx_generic_lambdas
    Feature record: CXX_FEATURE:1cxx_inheriting_constructors
    Feature record: CXX_FEATURE:1cxx_inline_namespaces
    Feature record: CXX_FEATURE:1cxx_lambdas
    Feature record: CXX_FEATURE:1cxx_lambda_init_captures
    Feature record: CXX_FEATURE:1cxx_local_type_template_args
    Feature record: CXX_FEATURE:1cxx_long_long_type
    Feature record: CXX_FEATURE:1cxx_noexcept
    Feature record: CXX_FEATURE:1cxx_nonstatic_member_init
    Feature record: CXX_FEATURE:1cxx_nullptr
    Feature record: CXX_FEATURE:1cxx_override
    Feature record: CXX_FEATURE:1cxx_range_for
    Feature record: CXX_FEATURE:1cxx_raw_string_literals
    Feature record: CXX_FEATURE:1cxx_reference_qualified_functions
    Feature record: CXX_FEATURE:1cxx_relaxed_constexpr
    Feature record: CXX_FEATURE:1cxx_return_type_deduction
    Feature record: CXX_FEATURE:1cxx_right_angle_brackets
    Feature record: CXX_FEATURE:1cxx_rvalue_references
    Feature record: CXX_FEATURE:1cxx_sizeof_member
    Feature record: CXX_FEATURE:1cxx_static_assert
    Feature record: CXX_FEATURE:1cxx_strong_enums
    Feature record: CXX_FEATURE:1cxx_template_template_parameters
    Feature record: CXX_FEATURE:1cxx_thread_local
    Feature record: CXX_FEATURE:1cxx_trailing_return_types
    Feature record: CXX_FEATURE:1cxx_unicode_literals
    Feature record: CXX_FEATURE:1cxx_uniform_initialization
    Feature record: CXX_FEATURE:1cxx_unrestricted_unions
    Feature record: CXX_FEATURE:1cxx_user_literals
    Feature record: CXX_FEATURE:1cxx_variable_templates
    Feature record: CXX_FEATURE:1cxx_variadic_macros
    Feature record: CXX_FEATURE:1cxx_variadic_templates


Detecting CXX [-std=c++11] compiler features compiled with the following output:
Change Dir: /code/sm2/CMakeFiles/CMakeTmp

Run Build Command:"/usr/bin/make" "cmTC_3a782/fast"
/usr/bin/make -f CMakeFiles/cmTC_3a782.dir/build.make CMakeFiles/cmTC_3a782.dir/build
make[1]: Entering directory '/code/sm2/CMakeFiles/CMakeTmp'
Building CXX object CMakeFiles/cmTC_3a782.dir/feature_tests.cxx.obj
/riscv/bin/riscv64-unknown-elf-g++     -std=c++11 -o CMakeFiles/cmTC_3a782.dir/feature_tests.cxx.obj -c /code/sm2/CMakeFiles/feature_tests.cxx
Linking CXX executable cmTC_3a782
/usr/bin/cmake -E cmake_link_script CMakeFiles/cmTC_3a782.dir/link.txt --verbose=1
/riscv/bin/riscv64-unknown-elf-g++        CMakeFiles/cmTC_3a782.dir/feature_tests.cxx.obj  -o cmTC_3a782 
make[1]: Leaving directory '/code/sm2/CMakeFiles/CMakeTmp'


    Feature record: CXX_FEATURE:0cxx_aggregate_default_initializers
    Feature record: CXX_FEATURE:1cxx_alias_templates
    Feature record: CXX_FEATURE:1cxx_alignas
    Feature record: CXX_FEATURE:1cxx_alignof
    Feature record: CXX_FEATURE:1cxx_attributes
    Feature record: CXX_FEATURE:0cxx_attribute_deprecated
    Feature record: CXX_FEATURE:1cxx_auto_type
    Feature record: CXX_FEATURE:0cxx_binary_literals
    Feature record: CXX_FEATURE:1cxx_constexpr
    Feature record: CXX_FEATURE:0cxx_contextual_conversions
    Feature record: CXX_FEATURE:1cxx_decltype
    Feature record: CXX_FEATURE:0cxx_decltype_auto
    Feature record: CXX_FEATURE:1cxx_decltype_incomplete_return_types
    Feature record: CXX_FEATURE:1cxx_default_function_template_args
    Feature record: CXX_FEATURE:1cxx_defaulted_functions
    Feature record: CXX_FEATURE:1cxx_defaulted_move_initializers
    Feature record: CXX_FEATURE:1cxx_delegating_constructors
    Feature record: CXX_FEATURE:1cxx_deleted_functions
    Feature record: CXX_FEATURE:0cxx_digit_separators
    Feature record: CXX_FEATURE:1cxx_enum_forward_declarations
    Feature record: CXX_FEATURE:1cxx_explicit_conversions
    Feature record: CXX_FEATURE:1cxx_extended_friend_declarations
    Feature record: CXX_FEATURE:1cxx_extern_templates
    Feature record: CXX_FEATURE:1cxx_final
    Feature record: CXX_FEATURE:1cxx_func_identifier
    Feature record: CXX_FEATURE:1cxx_generalized_initializers
    Feature record: CXX_FEATURE:0cxx_generic_lambdas
    Feature record: CXX_FEATURE:1cxx_inheriting_constructors
    Feature record: CXX_FEATURE:1cxx_inline_namespaces
    Feature record: CXX_FEATURE:1cxx_lambdas
    Feature record: CXX_FEATURE:0cxx_lambda_init_captures
    Feature record: CXX_FEATURE:1cxx_local_type_template_args
    Feature record: CXX_FEATURE:1cxx_long_long_type
    Feature record: CXX_FEATURE:1cxx_noexcept
    Feature record: CXX_FEATURE:1cxx_nonstatic_member_init
    Feature record: CXX_FEATURE:1cxx_nullptr
    Feature record: CXX_FEATURE:1cxx_override
    Feature record: CXX_FEATURE:1cxx_range_for
    Feature record: CXX_FEATURE:1cxx_raw_string_literals
    Feature record: CXX_FEATURE:1cxx_reference_qualified_functions
    Feature record: CXX_FEATURE:0cxx_relaxed_constexpr
    Feature record: CXX_FEATURE:0cxx_return_type_deduction
    Feature record: CXX_FEATURE:1cxx_right_angle_brackets
    Feature record: CXX_FEATURE:1cxx_rvalue_references
    Feature record: CXX_FEATURE:1cxx_sizeof_member
    Feature record: CXX_FEATURE:1cxx_static_assert
    Feature record: CXX_FEATURE:1cxx_strong_enums
    Feature record: CXX_FEATURE:1cxx_template_template_parameters
    Feature record: CXX_FEATURE:1cxx_thread_local
    Feature record: CXX_FEATURE:1cxx_trailing_return_types
    Feature record: CXX_FEATURE:1cxx_unicode_literals
    Feature record: CXX_FEATURE:1cxx_uniform_initialization
    Feature record: CXX_FEATURE:1cxx_unrestricted_unions
    Feature record: CXX_FEATURE:1cxx_user_literals
    Feature record: CXX_FEATURE:0cxx_variable_templates
    Feature record: CXX_FEATURE:1cxx_variadic_macros
    Feature record: CXX_FEATURE:1cxx_variadic_templates


Detecting CXX [-std=c++98] compiler features compiled with the following output:
Change Dir: /code/sm2/CMakeFiles/CMakeTmp

Run Build Command:"/usr/bin/make" "cmTC_28841/fast"
/usr/bin/make -f CMakeFiles/cmTC_28841.dir/build.make CMakeFiles/cmTC_28841.dir/build
make[1]: Entering directory '/code/sm2/CMakeFiles/CMakeTmp'
Building CXX object CMakeFiles/cmTC_28841.dir/feature_tests.cxx.obj
/riscv/bin/riscv64-unknown-elf-g++     -std=c++98 -o CMakeFiles/cmTC_28841.dir/feature_tests.cxx.obj -c /code/sm2/CMakeFiles/feature_tests.cxx
Linking CXX executable cmTC_28841
/usr/bin/cmake -E cmake_link_script CMakeFiles/cmTC_28841.dir/link.txt --verbose=1
/riscv/bin/riscv64-unknown-elf-g++        CMakeFiles/cmTC_28841.dir/feature_tests.cxx.obj  -o cmTC_28841 
make[1]: Leaving directory '/code/sm2/CMakeFiles/CMakeTmp'


    Feature record: CXX_FEATURE:0cxx_aggregate_default_initializers
    Feature record: CXX_FEATURE:0cxx_alias_templates
    Feature record: CXX_FEATURE:0cxx_alignas
    Feature record: CXX_FEATURE:0cxx_alignof
    Feature record: CXX_FEATURE:0cxx_attributes
    Feature record: CXX_FEATURE:0cxx_attribute_deprecated
    Feature record: CXX_FEATURE:0cxx_auto_type
    Feature record: CXX_FEATURE:0cxx_binary_literals
    Feature record: CXX_FEATURE:0cxx_constexpr
    Feature record: CXX_FEATURE:0cxx_contextual_conversions
    Feature record: CXX_FEATURE:0cxx_decltype
    Feature record: CXX_FEATURE:0cxx_decltype_auto
    Feature record: CXX_FEATURE:0cxx_decltype_incomplete_return_types
    Feature record: CXX_FEATURE:0cxx_default_function_template_args
    Feature record: CXX_FEATURE:0cxx_defaulted_functions
    Feature record: CXX_FEATURE:0cxx_defaulted_move_initializers
    Feature record: CXX_FEATURE:0cxx_delegating_constructors
    Feature record: CXX_FEATURE:0cxx_deleted_functions
    Feature record: CXX_FEATURE:0cxx_digit_separators
    Feature record: CXX_FEATURE:0cxx_enum_forward_declarations
    Feature record: CXX_FEATURE:0cxx_explicit_conversions
    Feature record: CXX_FEATURE:0cxx_extended_friend_declarations
    Feature record: CXX_FEATURE:0cxx_extern_templates
    Feature record: CXX_FEATURE:0cxx_final
    Feature record: CXX_FEATURE:0cxx_func_identifier
    Feature record: CXX_FEATURE:0cxx_generalized_initializers
    Feature record: CXX_FEATURE:0cxx_generic_lambdas
    Feature record: CXX_FEATURE:0cxx_inheriting_constructors
    Feature record: CXX_FEATURE:0cxx_inline_namespaces
    Feature record: CXX_FEATURE:0cxx_lambdas
    Feature record: CXX_FEATURE:0cxx_lambda_init_captures
    Feature record: CXX_FEATURE:0cxx_local_type_template_args
    Feature record: CXX_FEATURE:0cxx_long_long_type
    Feature record: CXX_FEATURE:0cxx_noexcept
    Feature record: CXX_FEATURE:0cxx_nonstatic_member_init
    Feature record: CXX_FEATURE:0cxx_nullptr
    Feature record: CXX_FEATURE:0cxx_override
    Feature record: CXX_FEATURE:0cxx_range_for
    Feature record: CXX_FEATURE:0cxx_raw_string_literals
    Feature record: CXX_FEATURE:0cxx_reference_qualified_functions
    Feature record: CXX_FEATURE:0cxx_relaxed_constexpr
    Feature record: CXX_FEATURE:0cxx_return_type_deduction
    Feature record: CXX_FEATURE:0cxx_right_angle_brackets
    Feature record: CXX_FEATURE:0cxx_rvalue_references
    Feature record: CXX_FEATURE:0cxx_sizeof_member
    Feature record: CXX_FEATURE:0cxx_static_assert
    Feature record: CXX_FEATURE:0cxx_strong_enums
    Feature record: CXX_FEATURE:1cxx_template_template_parameters
    Feature record: CXX_FEATURE:0cxx_thread_local
    Feature record: CXX_FEATURE:0cxx_trailing_return_types
    Feature record: CXX_FEATURE:0cxx_unicode_literals
    Feature record: CXX_FEATURE:0cxx_uniform_initialization
    Feature record: CXX_FEATURE:0cxx_unrestricted_unions
    Feature record: CXX_FEATURE:0cxx_user_literals
    Feature record: CXX_FEATURE:0cxx_variable_templates
    Feature record: CXX_FEATURE:0cxx_variadic_macros
    Feature record: CXX_FEATURE:0cxx_variadic_templates
